<?xml version="1.0" encoding="UTF-8"?>
<!-- Generated by org.testng.reporters.JUnitReportReporter -->
<testsuite hostname="mahmudurs-mbp.lan" failures="0" tests="2" name="TestCases" time="0.002" errors="0" timestamp="2024-01-04T12:56:47 EST" skipped="0">
  <testcase classname="TestCases" name="test2" time="0.000"/>
  <testcase classname="TestCases" name="test1" time="0.002"/>
</testsuite> <!-- TestCases -->
